[18:50:07.372] [INFO] Running csf-factories automigration
[18:50:07.374] [DEBUG] Extracting storybook data...
[18:50:07.374] [DEBUG] Getting Storybook info...
[18:50:07.383] [ERROR] [38;2;241;97;97mSB_CORE-SERVER_0006 (MainFileMissingError): No configuration files have been found in your configDir: [33m.storybook[39m.
Storybook needs a "main.js|ts" file, please add it.

You can pass a --config-dir flag to tell Storybook, where your main.js|ts file is located at.

More info: https://storybook.js.org/docs/configure?ref=error
[39m
    at validateConfigurationFiles (file:///Users/hasparus/.npm/_npx/d9767c5d2d3183ba/node_modules/storybook/dist/_node-chunks/chunk-6QCIDOPJ.js:9971:11)
    at async loadMainConfig (file:///Users/hasparus/.npm/_npx/d9767c5d2d3183ba/node_modules/storybook/dist/_node-chunks/chunk-6QCIDOPJ.js:11673:3)
    at async getStorybookInfo (file:///Users/hasparus/.npm/_npx/d9767c5d2d3183ba/node_modules/storybook/dist/_node-chunks/chunk-6QCIDOPJ.js:11796:59)
    at async getStorybookData (file:///Users/hasparus/.npm/_npx/d9767c5d2d3183ba/node_modules/@storybook/cli/dist/_node-chunks/chunk-I7ZAU7I4.js:169:7)
    at async doAutomigrate (file:///Users/hasparus/.npm/_npx/d9767c5d2d3183ba/node_modules/@storybook/cli/dist/_node-chunks/run-MQMOBNP4.js:7679:7)
    at async file:///Users/hasparus/.npm/_npx/d9767c5d2d3183ba/node_modules/@storybook/cli/dist/_node-chunks/run-MQMOBNP4.js:9634:90
    at async withTelemetry (file:///Users/hasparus/.npm/_npx/d9767c5d2d3183ba/node_modules/storybook/dist/_node-chunks/chunk-5T2PCIM6.js:218:12)
[18:50:07.386] [INFO] Storybook collects completely anonymous usage telemetry. We use it to shape Storybook's roadmap and prioritize features. You can learn more, including how to opt out, at https://storybook.js.org/telemetry
[18:50:08.210] [ERROR] SB_CORE-SERVER_0006 (MainFileMissingError): No configuration files have been found in your configDir: [33m.storybook[39m.
Storybook needs a "main.js|ts" file, please add it.

You can pass a --config-dir flag to tell Storybook, where your main.js|ts file is located at.

More info: https://storybook.js.org/docs/configure?ref=error
